  [1m[36m (379.2ms)[0m  [1mCREATE TABLE "schema_migrations" ("version" varchar(255) NOT NULL) [0m
  [1m[35m (443.1ms)[0m  CREATE UNIQUE INDEX "unique_schema_migrations" ON "schema_migrations" ("version")
  [1m[36mActiveRecord::SchemaMigration Load (0.4ms)[0m  [1mSELECT "schema_migrations".* FROM "schema_migrations"[0m
Migrating to CreateListings (20140516120052)
  [1m[35m (0.2ms)[0m  begin transaction
  [1m[36m (1.1ms)[0m  [1mCREATE TABLE "listings" ("id" INTEGER PRIMARY KEY AUTOINCREMENT NOT NULL, "name" varchar(255), "description" text, "price" decimal, "created_at" datetime, "updated_at" datetime) [0m
  [1m[35mSQL (0.4ms)[0m  INSERT INTO "schema_migrations" ("version") VALUES (?)  [["version", "20140516120052"]]
  [1m[36m (793.5ms)[0m  [1mcommit transaction[0m
Migrating to AddAttachmentImageToListings (20140519160148)
  [1m[35m (0.3ms)[0m  begin transaction
  [1m[36m (2007.1ms)[0m  [1mALTER TABLE "listings" ADD "image_file_name" varchar(255)[0m
  [1m[35m (1.3ms)[0m  ALTER TABLE "listings" ADD "image_content_type" varchar(255)
  [1m[36m (0.5ms)[0m  [1mALTER TABLE "listings" ADD "image_file_size" integer[0m
  [1m[35m (0.4ms)[0m  ALTER TABLE "listings" ADD "image_updated_at" datetime
  [1m[36mSQL (0.7ms)[0m  [1mINSERT INTO "schema_migrations" ("version") VALUES (?)[0m  [["version", "20140519160148"]]
  [1m[35m (477.7ms)[0m  commit transaction
Migrating to DeviseCreateModels (20140521154359)
  [1m[36m (0.2ms)[0m  [1mbegin transaction[0m
  [1m[35m (1.0ms)[0m  CREATE TABLE "models" ("id" INTEGER PRIMARY KEY AUTOINCREMENT NOT NULL, "email" varchar(255) DEFAULT '' NOT NULL, "encrypted_password" varchar(255) DEFAULT '' NOT NULL, "reset_password_token" varchar(255), "reset_password_sent_at" datetime, "remember_created_at" datetime, "sign_in_count" integer DEFAULT 0 NOT NULL, "current_sign_in_at" datetime, "last_sign_in_at" datetime, "current_sign_in_ip" varchar(255), "last_sign_in_ip" varchar(255), "created_at" datetime, "updated_at" datetime) 
  [1m[36m (0.8ms)[0m  [1mCREATE UNIQUE INDEX "index_models_on_email" ON "models" ("email")[0m
  [1m[35m (0.4ms)[0m  CREATE UNIQUE INDEX "index_models_on_reset_password_token" ON "models" ("reset_password_token")
  [1m[36mSQL (0.3ms)[0m  [1mINSERT INTO "schema_migrations" ("version") VALUES (?)[0m  [["version", "20140521154359"]]
  [1m[35m (486.7ms)[0m  commit transaction
Migrating to DeviseCreateUsers (20140521154626)
  [1m[36m (0.2ms)[0m  [1mbegin transaction[0m
  [1m[35m (1.0ms)[0m  CREATE TABLE "users" ("id" INTEGER PRIMARY KEY AUTOINCREMENT NOT NULL, "email" varchar(255) DEFAULT '' NOT NULL, "encrypted_password" varchar(255) DEFAULT '' NOT NULL, "reset_password_token" varchar(255), "reset_password_sent_at" datetime, "remember_created_at" datetime, "sign_in_count" integer DEFAULT 0 NOT NULL, "current_sign_in_at" datetime, "last_sign_in_at" datetime, "current_sign_in_ip" varchar(255), "last_sign_in_ip" varchar(255), "created_at" datetime, "updated_at" datetime) 
  [1m[36m (0.7ms)[0m  [1mCREATE UNIQUE INDEX "index_users_on_email" ON "users" ("email")[0m
  [1m[35m (0.4ms)[0m  CREATE UNIQUE INDEX "index_users_on_reset_password_token" ON "users" ("reset_password_token")
  [1m[36mSQL (0.3ms)[0m  [1mINSERT INTO "schema_migrations" ("version") VALUES (?)[0m  [["version", "20140521154626"]]
  [1m[35m (536.6ms)[0m  commit transaction
Migrating to AddNameToUsers (20140523135209)
  [1m[36m (0.2ms)[0m  [1mbegin transaction[0m
  [1m[35m (1.1ms)[0m  ALTER TABLE "users" ADD "name" varchar(255)
  [1m[36mSQL (1.1ms)[0m  [1mINSERT INTO "schema_migrations" ("version") VALUES (?)[0m  [["version", "20140523135209"]]
  [1m[35m (236.0ms)[0m  commit transaction
Migrating to AddUserToListings (20140528130454)
  [1m[36m (0.2ms)[0m  [1mbegin transaction[0m
  [1m[35m (0.9ms)[0m  ALTER TABLE "listings" ADD "user_id" integer
  [1m[36mSQL (1.0ms)[0m  [1mINSERT INTO "schema_migrations" ("version") VALUES (?)[0m  [["version", "20140528130454"]]
  [1m[35m (122.5ms)[0m  commit transaction
Migrating to AddUserIdToListings (20140529204540)
  [1m[36m (0.2ms)[0m  [1mbegin transaction[0m
  [1m[35m (0.3ms)[0m  ALTER TABLE "listings" ADD "user_id" integer
SQLite3::SQLException: duplicate column name: user_id: ALTER TABLE "listings" ADD "user_id" integer
  [1m[36m (0.1ms)[0m  [1mrollback transaction[0m
  [1m[36mActiveRecord::SchemaMigration Load (0.2ms)[0m  [1mSELECT "schema_migrations".* FROM "schema_migrations"[0m
Migrating to AddUserIdToListings (20140529204540)
  [1m[35m (0.1ms)[0m  begin transaction
  [1m[36m (0.3ms)[0m  [1mALTER TABLE "listings" ADD "user_id" integer[0m
SQLite3::SQLException: duplicate column name: user_id: ALTER TABLE "listings" ADD "user_id" integer
  [1m[35m (0.1ms)[0m  rollback transaction
  [1m[36mActiveRecord::SchemaMigration Load (0.2ms)[0m  [1mSELECT "schema_migrations".* FROM "schema_migrations"[0m
Migrating to AddUserIdToListings (20140529204540)
  [1m[35m (0.1ms)[0m  begin transaction
  [1m[36m (0.3ms)[0m  [1mALTER TABLE "listings" ADD "user_id" integer[0m
SQLite3::SQLException: duplicate column name: user_id: ALTER TABLE "listings" ADD "user_id" integer
  [1m[35m (0.1ms)[0m  rollback transaction
  [1m[36m (0.2ms)[0m  [1mSELECT version FROM schema_migrations[0m
  [1m[36m (219.0ms)[0m  [1mDROP TABLE "listings"[0m
  [1m[35m (255.5ms)[0m  CREATE TABLE "listings" ("id" INTEGER PRIMARY KEY AUTOINCREMENT NOT NULL, "name" varchar(255), "description" text, "price" decimal, "created_at" datetime, "updated_at" datetime, "image_file_name" varchar(255), "image_content_type" varchar(255), "image_file_size" integer, "image_updated_at" datetime, "user_id" integer) 
  [1m[36m (264.4ms)[0m  [1mDROP TABLE "models"[0m
  [1m[35m (556.6ms)[0m  CREATE TABLE "models" ("id" INTEGER PRIMARY KEY AUTOINCREMENT NOT NULL, "email" varchar(255) DEFAULT '' NOT NULL, "encrypted_password" varchar(255) DEFAULT '' NOT NULL, "reset_password_token" varchar(255), "reset_password_sent_at" datetime, "remember_created_at" datetime, "sign_in_count" integer DEFAULT 0 NOT NULL, "current_sign_in_at" datetime, "last_sign_in_at" datetime, "current_sign_in_ip" varchar(255), "last_sign_in_ip" varchar(255), "created_at" datetime, "updated_at" datetime) 
  [1m[36m (542.3ms)[0m  [1mCREATE UNIQUE INDEX "index_models_on_email" ON "models" ("email")[0m
  [1m[35m (261.0ms)[0m  CREATE UNIQUE INDEX "index_models_on_reset_password_token" ON "models" ("reset_password_token")
  [1m[36m (484.1ms)[0m  [1mDROP TABLE "users"[0m
  [1m[35m (484.6ms)[0m  CREATE TABLE "users" ("id" INTEGER PRIMARY KEY AUTOINCREMENT NOT NULL, "email" varchar(255) DEFAULT '' NOT NULL, "encrypted_password" varchar(255) DEFAULT '' NOT NULL, "reset_password_token" varchar(255), "reset_password_sent_at" datetime, "remember_created_at" datetime, "sign_in_count" integer DEFAULT 0 NOT NULL, "current_sign_in_at" datetime, "last_sign_in_at" datetime, "current_sign_in_ip" varchar(255), "last_sign_in_ip" varchar(255), "created_at" datetime, "updated_at" datetime, "name" varchar(255)) 
  [1m[36m (2877.9ms)[0m  [1mCREATE UNIQUE INDEX "index_users_on_email" ON "users" ("email")[0m
  [1m[35m (292.3ms)[0m  CREATE UNIQUE INDEX "index_users_on_reset_password_token" ON "users" ("reset_password_token")
  [1m[36m (0.2ms)[0m  [1mSELECT version FROM "schema_migrations"[0m
  [1m[35m (511.8ms)[0m  INSERT INTO "schema_migrations" (version) VALUES ('20140529204540')


Started GET "/" for 127.0.0.1 at 2014-06-08 22:13:28 +0100
  [1m[36mActiveRecord::SchemaMigration Load (0.3ms)[0m  [1mSELECT "schema_migrations".* FROM "schema_migrations"[0m
Processing by ListingsController#index as HTML
  [1m[35mListing Load (0.5ms)[0m  SELECT "listings".* FROM "listings" ORDER BY created_at DESC
  Rendered listings/index.html.erb within layouts/application (5.1ms)
  Rendered layouts/_header.html.erb (25.9ms)
  Rendered layouts/_footer.html.erb (0.6ms)
Completed 200 OK in 33756ms (Views: 33524.6ms | ActiveRecord: 0.5ms)


Started GET "/articles/new" for 127.0.0.1 at 2014-06-08 22:14:14 +0100

ActionController::RoutingError (No route matches [GET] "/articles/new"):
  actionpack (4.0.2) lib/action_dispatch/middleware/debug_exceptions.rb:21:in `call'
  actionpack (4.0.2) lib/action_dispatch/middleware/show_exceptions.rb:30:in `call'
  railties (4.0.2) lib/rails/rack/logger.rb:38:in `call_app'
  railties (4.0.2) lib/rails/rack/logger.rb:20:in `block in call'
  activesupport (4.0.2) lib/active_support/tagged_logging.rb:67:in `block in tagged'
  activesupport (4.0.2) lib/active_support/tagged_logging.rb:25:in `tagged'
  activesupport (4.0.2) lib/active_support/tagged_logging.rb:67:in `tagged'
  railties (4.0.2) lib/rails/rack/logger.rb:20:in `call'
  actionpack (4.0.2) lib/action_dispatch/middleware/request_id.rb:21:in `call'
  rack (1.5.2) lib/rack/methodoverride.rb:21:in `call'
  rack (1.5.2) lib/rack/runtime.rb:17:in `call'
  activesupport (4.0.2) lib/active_support/cache/strategy/local_cache.rb:83:in `call'
  rack (1.5.2) lib/rack/lock.rb:17:in `call'
  actionpack (4.0.2) lib/action_dispatch/middleware/static.rb:64:in `call'
  rack (1.5.2) lib/rack/sendfile.rb:112:in `call'
  railties (4.0.2) lib/rails/engine.rb:511:in `call'
  railties (4.0.2) lib/rails/application.rb:97:in `call'
  rack (1.5.2) lib/rack/lock.rb:17:in `call'
  rack (1.5.2) lib/rack/content_length.rb:14:in `call'
  rack (1.5.2) lib/rack/handler/webrick.rb:60:in `service'
  /Users/trabalho/.rvm/rubies/ruby-2.0.0-p353/lib/ruby/2.0.0/webrick/httpserver.rb:138:in `service'
  /Users/trabalho/.rvm/rubies/ruby-2.0.0-p353/lib/ruby/2.0.0/webrick/httpserver.rb:94:in `run'
  /Users/trabalho/.rvm/rubies/ruby-2.0.0-p353/lib/ruby/2.0.0/webrick/server.rb:295:in `block in start_thread'


  Rendered /Users/trabalho/.rvm/gems/ruby-2.0.0-p353/gems/actionpack-4.0.2/lib/action_dispatch/middleware/templates/rescues/_trace.erb (2.8ms)
  Rendered /Users/trabalho/.rvm/gems/ruby-2.0.0-p353/gems/actionpack-4.0.2/lib/action_dispatch/middleware/templates/routes/_route.html.erb (4.1ms)
  Rendered /Users/trabalho/.rvm/gems/ruby-2.0.0-p353/gems/actionpack-4.0.2/lib/action_dispatch/middleware/templates/routes/_table.html.erb (440.1ms)
  Rendered /Users/trabalho/.rvm/gems/ruby-2.0.0-p353/gems/actionpack-4.0.2/lib/action_dispatch/middleware/templates/rescues/routing_error.erb within rescues/layout (513.7ms)


Started GET "/assets/pages.css?body=1" for 127.0.0.1 at 2014-06-08 22:14:14 +0100


Started GET "/assets/application.css?body=1" for 127.0.0.1 at 2014-06-08 22:14:14 +0100


Started GET "/assets/custom.css?body=1" for 127.0.0.1 at 2014-06-08 22:14:15 +0100


Started GET "/assets/jquery.js?body=1" for 127.0.0.1 at 2014-06-08 22:14:15 +0100


Started GET "/assets/listings.css?body=1" for 127.0.0.1 at 2014-06-08 22:14:15 +0100


Started GET "/assets/jquery_ujs.js?body=1" for 127.0.0.1 at 2014-06-08 22:14:15 +0100


Started GET "/assets/turbolinks.js?body=1" for 127.0.0.1 at 2014-06-08 22:14:15 +0100


Started GET "/assets/bootstrap/affix.js?body=1" for 127.0.0.1 at 2014-06-08 22:14:15 +0100


Started GET "/assets/bootstrap/alert.js?body=1" for 127.0.0.1 at 2014-06-08 22:14:15 +0100


Started GET "/assets/bootstrap/collapse.js?body=1" for 127.0.0.1 at 2014-06-08 22:14:15 +0100


Started GET "/assets/bootstrap/carousel.js?body=1" for 127.0.0.1 at 2014-06-08 22:14:15 +0100


Started GET "/assets/bootstrap/button.js?body=1" for 127.0.0.1 at 2014-06-08 22:14:15 +0100


Started GET "/assets/bootstrap/dropdown.js?body=1" for 127.0.0.1 at 2014-06-08 22:14:15 +0100


Started GET "/assets/bootstrap/modal.js?body=1" for 127.0.0.1 at 2014-06-08 22:14:15 +0100


Started GET "/assets/bootstrap/transition.js?body=1" for 127.0.0.1 at 2014-06-08 22:14:15 +0100


Started GET "/assets/bootstrap/scrollspy.js?body=1" for 127.0.0.1 at 2014-06-08 22:14:15 +0100


Started GET "/assets/bootstrap/tab.js?body=1" for 127.0.0.1 at 2014-06-08 22:14:15 +0100


Started GET "/assets/bootstrap/tooltip.js?body=1" for 127.0.0.1 at 2014-06-08 22:14:15 +0100


Started GET "/assets/bootstrap/popover.js?body=1" for 127.0.0.1 at 2014-06-08 22:14:15 +0100


Started GET "/assets/bootstrap.js?body=1" for 127.0.0.1 at 2014-06-08 22:14:15 +0100


Started GET "/assets/listings.js?body=1" for 127.0.0.1 at 2014-06-08 22:14:15 +0100


Started GET "/assets/pages.js?body=1" for 127.0.0.1 at 2014-06-08 22:14:15 +0100


Started GET "/assets/application.js?body=1" for 127.0.0.1 at 2014-06-08 22:14:15 +0100
